Using pre-set license
Built from '2020.2/release' branch; Version is '2020.2.2f1 (068178b99f32) revision 426360'; Using compiler version '192528614'; Build Type 'Release'
OS: 'Windows 10 Enterprise; OS build 18363.1500; Version 1909; 64bit' Language: 'en' Physical Memory: 16304 MB
BatchMode: 1, IsHumanControllingUs: 0, StartBugReporterOnCrash: 0, Is64bit: 1, IsPro: 0

 COMMAND LINE ARGUMENTS:
C:\Program Files\Unity\Hub\Editor\2020.2.2f1\Editor\Unity.exe
-adb2
-batchMode
-noUpm
-name
AssetImportWorker0
-projectPath
C:/Users/3bf6da335fa91fd9/Documents/GitHub/AI-Assignment2/AI Assignment 2
-logFile
Logs/AssetImportWorker0.log
-srvPort
58286
Successfully changed project path to: C:/Users/3bf6da335fa91fd9/Documents/GitHub/AI-Assignment2/AI Assignment 2
C:/Users/3bf6da335fa91fd9/Documents/GitHub/AI-Assignment2/AI Assignment 2
Using Asset Import Pipeline V2.
Refreshing native plugins compatible for Editor in 26.93 ms, found 0 plugins.
Preloading 0 native plugins for Editor in 0.00 ms.
Initialize engine version: 2020.2.2f1 (068178b99f32)
[Subsystems] Discovering subsystems at path C:/Program Files/Unity/Hub/Editor/2020.2.2f1/Editor/Data/Resources/UnitySubsystems
[Subsystems] Discovering subsystems at path C:/Users/3bf6da335fa91fd9/Documents/GitHub/AI-Assignment2/AI Assignment 2/Assets
GfxDevice: creating device client; threaded=0
Direct3D:
    Version:  Direct3D 11.0 [level 11.0]
    Renderer: NVIDIA Quadro K2200  (ID=0x13ba)
    Vendor:   
    VRAM:     4035 MB
    Driver:   10.18.13.5362
Initialize mono
Mono path[0] = 'C:/Program Files/Unity/Hub/Editor/2020.2.2f1/Editor/Data/Managed'
Mono path[1] = 'C:/Program Files/Unity/Hub/Editor/2020.2.2f1/Editor/Data/MonoBleedingEdge/lib/mono/unityjit'
Mono config path = 'C:/Program Files/Unity/Hub/Editor/2020.2.2f1/Editor/Data/MonoBleedingEdge/etc'
Using monoOptions --debugger-agent=transport=dt_socket,embedding=1,server=y,suspend=n,address=127.0.0.1:56576
Begin MonoManager ReloadAssembly
Registering precompiled unity dll's ...
Register platform support module: C:/Program Files/Unity/Hub/Editor/2020.2.2f1/Editor/Data/PlaybackEngines/WindowsStandaloneSupport/UnityEditor.WindowsStandalone.Extensions.dll
Registered in 0.001858 seconds.
Native extension for WindowsStandalone target not found
Refreshing native plugins compatible for Editor in 24.64 ms, found 0 plugins.
Preloading 0 native plugins for Editor in 0.00 ms.
Invoked RoslynAnalysisRunner static constructor.
RoslynAnalysisRunner will not be running.
RoslynAnalysisRunner has terminated.
Mono: successfully reloaded assembly
- Completed reload, in  1.221 seconds
Platform modules already initialized, skipping
Registering precompiled user dll's ...
Registered in 0.000755 seconds.
Begin MonoManager ReloadAssembly
Native extension for WindowsStandalone target not found
Refreshing native plugins compatible for Editor in 0.24 ms, found 0 plugins.
Preloading 0 native plugins for Editor in 0.00 ms.
Invoked RoslynAnalysisRunner static constructor.
RoslynAnalysisRunner will not be running.
RoslynAnalysisRunner has terminated.
Mono: successfully reloaded assembly
- Completed reload, in  0.942 seconds
Platform modules already initialized, skipping
========================================================================
Worker process is ready to serve import requests
Launched and connected shader compiler UnityShaderCompiler.exe after 0.05 seconds
Refreshing native plugins compatible for Editor in 0.20 ms, found 0 plugins.
Preloading 0 native plugins for Editor in 0.00 ms.
Unloading 1126 Unused Serialized files (Serialized files now loaded: 0)
System memory in use before: 58.9 MB.
System memory in use after: 58.9 MB.

Unloading 9 unused Assets to reduce memory usage. Loaded Objects now: 1568.
Total: 1.968000 ms (FindLiveObjects: 0.157800 ms CreateObjectMapping: 0.072300 ms MarkObjects: 1.632200 ms  DeleteObjects: 0.104500 ms)

========================================================================
Received Import Request.
  path: Assets/New Material.mat
  artifactKey: Guid(5086bfdce1508ce4880d6f282de60ef0) Importer(815301076,1909f56bfc062723c751e8b465ee728b)
Start importing Assets/New Material.mat using Guid(5086bfdce1508ce4880d6f282de60ef0) Importer(815301076,1909f56bfc062723c751e8b465ee728b)  -> (artifact id: '10ae5fa762bddc4d3caead9799437380') in 0.362181 seconds
  Import took 0.363990 seconds .

========================================================================
Received Import Request.
  Time since last request: 0.000340 seconds.
  path: Assets/Water.mat
  artifactKey: Guid(08942ec6959e9554695fca54cdbbcbb8) Importer(815301076,1909f56bfc062723c751e8b465ee728b)
Start importing Assets/Water.mat using Guid(08942ec6959e9554695fca54cdbbcbb8) Importer(815301076,1909f56bfc062723c751e8b465ee728b)  -> (artifact id: '2c4f9d72bcf25bc104633420491657fc') in 0.259682 seconds
  Import took 0.261774 seconds .

========================================================================
Received Import Request.
  Time since last request: 0.000315 seconds.
  path: Assets/Lava.mat
  artifactKey: Guid(0998b93fd94ec1c4795041c40e51bba9) Importer(815301076,1909f56bfc062723c751e8b465ee728b)
Start importing Assets/Lava.mat using Guid(0998b93fd94ec1c4795041c40e51bba9) Importer(815301076,1909f56bfc062723c751e8b465ee728b)  -> (artifact id: '75317da7efb993807ce7217faf6dcd20') in 1.597528 seconds
  Import took 1.599432 seconds .

========================================================================
Received Import Request.
  Time since last request: 0.000349 seconds.
  path: Assets/black.mat
  artifactKey: Guid(cca5c6d4912baf045b218c1fe9ad222f) Importer(815301076,1909f56bfc062723c751e8b465ee728b)
Start importing Assets/black.mat using Guid(cca5c6d4912baf045b218c1fe9ad222f) Importer(815301076,1909f56bfc062723c751e8b465ee728b)  -> (artifact id: 'c8c8768912cfd8e1ef65436049b68295') in 0.011334 seconds
  Import took 0.013182 seconds .

========================================================================
Received Import Request.
  Time since last request: 0.000242 seconds.
  path: Assets/Grass.mat
  artifactKey: Guid(dd80850b6d59263468f00180a874b3fe) Importer(815301076,1909f56bfc062723c751e8b465ee728b)
Start importing Assets/Grass.mat using Guid(dd80850b6d59263468f00180a874b3fe) Importer(815301076,1909f56bfc062723c751e8b465ee728b)  -> (artifact id: 'a83a94a97a0151c580152f952bf622f0') in 0.014761 seconds
  Import took 0.016729 seconds .

========================================================================
Received Import Request.
  Time since last request: 12.271214 seconds.
  path: Assets/Scenes
  artifactKey: Guid(af96f722da4b4614fb9c973896e2218e) Importer(815301076,1909f56bfc062723c751e8b465ee728b)
Start importing Assets/Scenes using Guid(af96f722da4b4614fb9c973896e2218e) Importer(815301076,1909f56bfc062723c751e8b465ee728b)  -> (artifact id: '9758bc2d1332551c305341f9026d1521') in 0.006164 seconds
  Import took 0.008061 seconds .

========================================================================
Received Import Request.
  Time since last request: 0.009062 seconds.
  path: Assets/Scenes
  artifactKey: Guid(af96f722da4b4614fb9c973896e2218e) Importer(815301076,1909f56bfc062723c751e8b465ee728b)
Start importing Assets/Scenes using Guid(af96f722da4b4614fb9c973896e2218e) Importer(815301076,1909f56bfc062723c751e8b465ee728b)  -> (artifact id: '9758bc2d1332551c305341f9026d1521') in 0.002130 seconds
  Import took 0.004799 seconds .

========================================================================
Received Import Request.
  Time since last request: 1.028533 seconds.
  path: Assets/Scenes/SampleScene.unity
  artifactKey: Guid(9fc0d4010bbf28b4594072e72b8655ab) Importer(815301076,1909f56bfc062723c751e8b465ee728b)
Start importing Assets/Scenes/SampleScene.unity using Guid(9fc0d4010bbf28b4594072e72b8655ab) Importer(815301076,1909f56bfc062723c751e8b465ee728b)  -> (artifact id: 'ed65d85f77940126c2cf2639c8a08747') in 0.006675 seconds
  Import took 0.008598 seconds .

========================================================================
Received Import Request.
  Time since last request: 167.496167 seconds.
  path: Assets/NavMesh
  artifactKey: Guid(31ad4df2c32876b4b8496e72b0743f60) Importer(815301076,1909f56bfc062723c751e8b465ee728b)
Start importing Assets/NavMesh using Guid(31ad4df2c32876b4b8496e72b0743f60) Importer(815301076,1909f56bfc062723c751e8b465ee728b)  -> (artifact id: '5d58f94850e4cefcd0f12b14bc937bd3') in 0.008264 seconds
  Import took 0.010352 seconds .

========================================================================
Received Import Request.
  Time since last request: 0.276233 seconds.
  path: Assets/NavMesh/Gizmos
  artifactKey: Guid(93b9715f5a4bf471c8154f6cbab7e94d) Importer(815301076,1909f56bfc062723c751e8b465ee728b)
Start importing Assets/NavMesh/Gizmos using Guid(93b9715f5a4bf471c8154f6cbab7e94d) Importer(815301076,1909f56bfc062723c751e8b465ee728b)  -> (artifact id: '08c3e48656625b7322990fa4d7e87fdb') in 0.006285 seconds
  Import took 0.008174 seconds .

========================================================================
Received Import Request.
  Time since last request: 0.867975 seconds.
  path: Assets/NavMesh/NavMeshComponents
  artifactKey: Guid(90490f1de0cc846679dcec6f99663653) Importer(815301076,1909f56bfc062723c751e8b465ee728b)
Start importing Assets/NavMesh/NavMeshComponents using Guid(90490f1de0cc846679dcec6f99663653) Importer(815301076,1909f56bfc062723c751e8b465ee728b)  -> (artifact id: 'cd59d5eb3647b94df08a637f1ff27615') in 0.005885 seconds
  Import took 0.007858 seconds .

========================================================================
Received Import Request.
  Time since last request: 0.891397 seconds.
  path: Assets/NavMesh/NavMeshComponents/Editor
  artifactKey: Guid(63b588f3892bb4b5eb73ad3d2791e05c) Importer(815301076,1909f56bfc062723c751e8b465ee728b)
Start importing Assets/NavMesh/NavMeshComponents/Editor using Guid(63b588f3892bb4b5eb73ad3d2791e05c) Importer(815301076,1909f56bfc062723c751e8b465ee728b)  -> (artifact id: '5d2698953e070b9fadc5e154d4c5cd65') in 0.006063 seconds
  Import took 0.007944 seconds .

========================================================================
Received Import Request.
  Time since last request: 0.083055 seconds.
  path: Assets/NavMesh/NavMeshComponents/Editor/NavMeshComponentsEditor.asmdef
  artifactKey: Guid(86c9d8e67265f41469be06142c397d17) Importer(815301076,1909f56bfc062723c751e8b465ee728b)
Start importing Assets/NavMesh/NavMeshComponents/Editor/NavMeshComponentsEditor.asmdef using Guid(86c9d8e67265f41469be06142c397d17) Importer(815301076,1909f56bfc062723c751e8b465ee728b)  -> (artifact id: '4dbbcb77f61adabd57d52fad02863410') in 0.008071 seconds
  Import took 0.009857 seconds .

========================================================================
Received Import Request.
  Time since last request: 1.598002 seconds.
  path: Assets/NavMesh/NavMeshComponents/Editor/NavMeshModifierVolumeEditor.cs
  artifactKey: Guid(c0f3bef2a67ae4e139538afec3e59b03) Importer(815301076,1909f56bfc062723c751e8b465ee728b)
Start importing Assets/NavMesh/NavMeshComponents/Editor/NavMeshModifierVolumeEditor.cs using Guid(c0f3bef2a67ae4e139538afec3e59b03) Importer(815301076,1909f56bfc062723c751e8b465ee728b)  -> (artifact id: 'c49adf2aa47fd549f27d88fb4f7127c8') in 0.009989 seconds
  Import took 0.011822 seconds .

========================================================================
Received Import Request.
  Time since last request: 0.027916 seconds.
  path: Assets/NavMesh/NavMeshComponents/Editor/NavMeshModifierVolumeEditor.cs
  artifactKey: Guid(c0f3bef2a67ae4e139538afec3e59b03) Importer(815301076,1909f56bfc062723c751e8b465ee728b)
Start importing Assets/NavMesh/NavMeshComponents/Editor/NavMeshModifierVolumeEditor.cs using Guid(c0f3bef2a67ae4e139538afec3e59b03) Importer(815301076,1909f56bfc062723c751e8b465ee728b)  -> (artifact id: 'c49adf2aa47fd549f27d88fb4f7127c8') in 0.002283 seconds
  Import took 0.004408 seconds .

========================================================================
Received Import Request.
  Time since last request: 0.351925 seconds.
  path: Assets/NavMesh/NavMeshComponents/Editor/NavMeshSurfaceEditor.cs
  artifactKey: Guid(1c32167dbf3314852b6006a288eb449b) Importer(815301076,1909f56bfc062723c751e8b465ee728b)
Start importing Assets/NavMesh/NavMeshComponents/Editor/NavMeshSurfaceEditor.cs using Guid(1c32167dbf3314852b6006a288eb449b) Importer(815301076,1909f56bfc062723c751e8b465ee728b)  -> (artifact id: '1691649006db1eef9475f0dcd1a545de') in 0.005633 seconds
  Import took 0.007485 seconds .

========================================================================
Received Import Request.
  Time since last request: 0.000763 seconds.
  path: Assets/NavMesh/NavMeshComponents/Editor/NavMeshSurfaceEditor.cs
  artifactKey: Guid(1c32167dbf3314852b6006a288eb449b) Importer(815301076,1909f56bfc062723c751e8b465ee728b)
Start importing Assets/NavMesh/NavMeshComponents/Editor/NavMeshSurfaceEditor.cs using Guid(1c32167dbf3314852b6006a288eb449b) Importer(815301076,1909f56bfc062723c751e8b465ee728b)  -> (artifact id: '1691649006db1eef9475f0dcd1a545de') in 0.001822 seconds
  Import took 0.003652 seconds .

========================================================================
Received Import Request.
  Time since last request: 0.843757 seconds.
  path: Assets/NavMesh/NavMeshComponents/Editor/NavMeshModifierEditor.cs
  artifactKey: Guid(6fa04b4743e3947eba4d7b9e5832ea69) Importer(815301076,1909f56bfc062723c751e8b465ee728b)
Start importing Assets/NavMesh/NavMeshComponents/Editor/NavMeshModifierEditor.cs using Guid(6fa04b4743e3947eba4d7b9e5832ea69) Importer(815301076,1909f56bfc062723c751e8b465ee728b)  -> (artifact id: 'da494100f409bb761c8a25bec639142b') in 0.009035 seconds
  Import took 0.011896 seconds .

========================================================================
Received Import Request.
  Time since last request: 0.257547 seconds.
  path: Assets/NavMesh/NavMeshComponents/Editor/NavMeshLinkEditor.cs
  artifactKey: Guid(ece1e865d1ad84587872fe8580ab5a20) Importer(815301076,1909f56bfc062723c751e8b465ee728b)
Start importing Assets/NavMesh/NavMeshComponents/Editor/NavMeshLinkEditor.cs using Guid(ece1e865d1ad84587872fe8580ab5a20) Importer(815301076,1909f56bfc062723c751e8b465ee728b)  -> (artifact id: 'fe04fec4ac6bea2978a884945b87d825') in 0.009311 seconds
  Import took 0.012262 seconds .

========================================================================
Received Import Request.
  Time since last request: 0.310981 seconds.
  path: Assets/NavMesh/NavMeshComponents/Editor/NavMeshComponentsGUIUtility.cs
  artifactKey: Guid(77fba670b979046f18d52d751e0d4659) Importer(815301076,1909f56bfc062723c751e8b465ee728b)
Start importing Assets/NavMesh/NavMeshComponents/Editor/NavMeshComponentsGUIUtility.cs using Guid(77fba670b979046f18d52d751e0d4659) Importer(815301076,1909f56bfc062723c751e8b465ee728b)  -> (artifact id: 'c1343c85adcdf4524bf63a65a932ae03') in 0.009960 seconds
  Import took 0.013906 seconds .

AssetImportWorkerClient::OnTransportError - code=2 error=End of file
